Phase 3C : SAC Online Training
Start: 2026-01-09 22:06:17.492659
Buildings: ['Eplus-5zone-hot-continuous-v1', 'Eplus-5zone-cool-continuous-v1', 'Eplus-5zone-mixed-continuous-v1']
================================================================================

Episode 1 (5zone): Reward=-46.31, SOC=0.52, Cost=$0.18
Episode 2 (5zone): Reward=-54.75, SOC=0.52, Cost=$0.21
Episode 3 (5zone): Reward=-110.75, SOC=0.52, Cost=$0.37
Episode 4 (5zone): Reward=-46.31, SOC=0.52, Cost=$0.18
Episode 5 (5zone): Reward=-54.75, SOC=0.52, Cost=$0.21
Episode 6 (5zone): Reward=-110.75, SOC=0.52, Cost=$0.37
Episode 7 (5zone): Reward=-46.31, SOC=0.52, Cost=$0.18
Episode 8 (5zone): Reward=-54.75, SOC=0.52, Cost=$0.21
Episode 9 (5zone): Reward=-110.75, SOC=0.52, Cost=$0.37
Episode 10 (5zone): Reward=-46.31, SOC=0.52, Cost=$0.18
Episode 11 (5zone): Reward=-54.75, SOC=0.52, Cost=$0.21
Episode 12 (5zone): Reward=-110.75, SOC=0.52, Cost=$0.37
Episode 13 (5zone): Reward=-46.31, SOC=0.52, Cost=$0.18
Episode 14 (5zone): Reward=-54.75, SOC=0.52, Cost=$0.21
Episode 15 (5zone): Reward=-110.75, SOC=0.52, Cost=$0.37
Episode 16 (5zone): Reward=-46.31, SOC=0.52, Cost=$0.18
Episode 17 (5zone): Reward=-54.75, SOC=0.52, Cost=$0.21
Episode 18 (5zone): Reward=-110.75, SOC=0.52, Cost=$0.37
Episode 19 (5zone): Reward=-46.31, SOC=0.52, Cost=$0.18
Episode 20 (5zone): Reward=-54.75, SOC=0.52, Cost=$0.21
Episode 21 (5zone): Reward=-110.75, SOC=0.52, Cost=$0.37
Episode 22 (5zone): Reward=-46.31, SOC=0.52, Cost=$0.18
Episode 23 (5zone): Reward=-54.75, SOC=0.52, Cost=$0.21
Episode 24 (5zone): Reward=-110.75, SOC=0.52, Cost=$0.37
Episode 25 (5zone): Reward=-46.31, SOC=0.52, Cost=$0.18
Episode 26 (5zone): Reward=-54.75, SOC=0.52, Cost=$0.21
Episode 27 (5zone): Reward=-110.75, SOC=0.52, Cost=$0.37
Episode 28 (5zone): Reward=-46.31, SOC=0.52, Cost=$0.18
Episode 29 (5zone): Reward=-54.75, SOC=0.52, Cost=$0.21
Episode 30 (5zone): Reward=-110.75, SOC=0.52, Cost=$0.37
Episode 31 (5zone): Reward=-46.31, SOC=0.52, Cost=$0.18
Episode 32 (5zone): Reward=-54.75, SOC=0.52, Cost=$0.21
Episode 33 (5zone): Reward=-110.75, SOC=0.52, Cost=$0.37
Episode 34 (5zone): Reward=-46.31, SOC=0.52, Cost=$0.18
Episode 35 (5zone): Reward=-54.75, SOC=0.52, Cost=$0.21
Episode 36 (5zone): Reward=-110.75, SOC=0.52, Cost=$0.37
Episode 37 (5zone): Reward=-46.31, SOC=0.52, Cost=$0.18
Episode 38 (5zone): Reward=-54.75, SOC=0.52, Cost=$0.21
Episode 39 (5zone): Reward=-110.75, SOC=0.52, Cost=$0.37
Episode 40 (5zone): Reward=-46.31, SOC=0.52, Cost=$0.18
Episode 41 (5zone): Reward=-54.75, SOC=0.52, Cost=$0.21
Episode 42 (5zone): Reward=-110.75, SOC=0.52, Cost=$0.37
Episode 43 (5zone): Reward=-46.31, SOC=0.52, Cost=$0.18
Episode 44 (5zone): Reward=-54.75, SOC=0.52, Cost=$0.21
Episode 45 (5zone): Reward=-110.75, SOC=0.52, Cost=$0.37
Episode 46 (5zone): Reward=-46.31, SOC=0.52, Cost=$0.18
Episode 47 (5zone): Reward=-54.75, SOC=0.52, Cost=$0.21
Episode 48 (5zone): Reward=-110.75, SOC=0.52, Cost=$0.37
Episode 49 (5zone): Reward=-46.31, SOC=0.52, Cost=$0.18
Episode 50 (5zone): Reward=-54.75, SOC=0.52, Cost=$0.21
Episode 51 (5zone): Reward=-110.75, SOC=0.52, Cost=$0.37
Episode 52 (5zone): Reward=-46.31, SOC=0.52, Cost=$0.18
Episode 53 (5zone): Reward=-54.75, SOC=0.52, Cost=$0.21
Episode 54 (5zone): Reward=-110.75, SOC=0.52, Cost=$0.37
Episode 55 (5zone): Reward=-46.31, SOC=0.52, Cost=$0.18
Episode 56 (5zone): Reward=-54.75, SOC=0.52, Cost=$0.21
Episode 57 (5zone): Reward=-110.75, SOC=0.52, Cost=$0.37
Episode 58 (5zone): Reward=-46.31, SOC=0.52, Cost=$0.18
Episode 59 (5zone): Reward=-54.75, SOC=0.52, Cost=$0.21
Episode 60 (5zone): Reward=-110.75, SOC=0.52, Cost=$0.37
Episode 61 (5zone): Reward=-46.31, SOC=0.52, Cost=$0.18
Episode 62 (5zone): Reward=-54.75, SOC=0.52, Cost=$0.21
Episode 63 (5zone): Reward=-110.75, SOC=0.52, Cost=$0.37
Episode 64 (5zone): Reward=-46.31, SOC=0.52, Cost=$0.18
Episode 65 (5zone): Reward=-54.75, SOC=0.52, Cost=$0.21
Episode 66 (5zone): Reward=-110.75, SOC=0.52, Cost=$0.37
Episode 67 (5zone): Reward=-46.31, SOC=0.52, Cost=$0.18
Episode 68 (5zone): Reward=-54.75, SOC=0.52, Cost=$0.21
Episode 69 (5zone): Reward=-110.75, SOC=0.52, Cost=$0.37
Episode 70 (5zone): Reward=-46.31, SOC=0.52, Cost=$0.18
Episode 71 (5zone): Reward=-54.75, SOC=0.52, Cost=$0.21
Episode 72 (5zone): Reward=-110.75, SOC=0.52, Cost=$0.37
Episode 73 (5zone): Reward=-46.31, SOC=0.52, Cost=$0.18
Episode 74 (5zone): Reward=-54.75, SOC=0.52, Cost=$0.21
Episode 75 (5zone): Reward=-110.75, SOC=0.52, Cost=$0.37
Episode 76 (5zone): Reward=-46.31, SOC=0.52, Cost=$0.18
Episode 77 (5zone): Reward=-54.75, SOC=0.52, Cost=$0.21
Episode 78 (5zone): Reward=-110.75, SOC=0.52, Cost=$0.37
Episode 79 (5zone): Reward=-46.31, SOC=0.52, Cost=$0.18
Episode 80 (5zone): Reward=-54.75, SOC=0.52, Cost=$0.21
Episode 81 (5zone): Reward=-110.75, SOC=0.52, Cost=$0.37
Episode 82 (5zone): Reward=-46.31, SOC=0.52, Cost=$0.18
Episode 83 (5zone): Reward=-54.75, SOC=0.52, Cost=$0.21
Episode 84 (5zone): Reward=-110.75, SOC=0.52, Cost=$0.37
Episode 85 (5zone): Reward=-46.31, SOC=0.52, Cost=$0.18
Episode 86 (5zone): Reward=-54.75, SOC=0.52, Cost=$0.21
Episode 87 (5zone): Reward=-110.75, SOC=0.52, Cost=$0.37
Episode 88 (5zone): Reward=-46.31, SOC=0.52, Cost=$0.18
Episode 89 (5zone): Reward=-54.75, SOC=0.52, Cost=$0.21
Episode 90 (5zone): Reward=-110.75, SOC=0.52, Cost=$0.37
Episode 91 (5zone): Reward=-46.31, SOC=0.52, Cost=$0.18
Episode 92 (5zone): Reward=-54.75, SOC=0.52, Cost=$0.21
Episode 93 (5zone): Reward=-110.75, SOC=0.52, Cost=$0.37
Episode 94 (5zone): Reward=-46.31, SOC=0.52, Cost=$0.18
Episode 95 (5zone): Reward=-54.75, SOC=0.52, Cost=$0.21
Episode 96 (5zone): Reward=-110.75, SOC=0.52, Cost=$0.37
Episode 97 (5zone): Reward=-46.31, SOC=0.52, Cost=$0.18
Episode 98 (5zone): Reward=-54.75, SOC=0.52, Cost=$0.21
Episode 99 (5zone): Reward=-110.75, SOC=0.52, Cost=$0.37
Episode 100 (5zone): Reward=-46.31, SOC=0.52, Cost=$0.18
Episode 101 (5zone): Reward=-54.75, SOC=0.52, Cost=$0.21
Episode 102 (5zone): Reward=-110.75, SOC=0.52, Cost=$0.37
Episode 103 (5zone): Reward=-46.31, SOC=0.52, Cost=$0.18
Episode 104 (5zone): Reward=-54.75, SOC=0.52, Cost=$0.21
Episode 105 (5zone): Reward=-110.75, SOC=0.52, Cost=$0.37
Episode 106 (5zone): Reward=-46.31, SOC=0.52, Cost=$0.18
Episode 107 (5zone): Reward=-54.75, SOC=0.52, Cost=$0.21
Episode 108 (5zone): Reward=-110.75, SOC=0.52, Cost=$0.37
Episode 109 (5zone): Reward=-46.31, SOC=0.52, Cost=$0.18
Episode 110 (5zone): Reward=-54.75, SOC=0.52, Cost=$0.21
Episode 111 (5zone): Reward=-110.75, SOC=0.52, Cost=$0.37
Episode 112 (5zone): Reward=-46.31, SOC=0.52, Cost=$0.18
Episode 113 (5zone): Reward=-54.75, SOC=0.52, Cost=$0.21
Episode 114 (5zone): Reward=-110.75, SOC=0.52, Cost=$0.37
Episode 115 (5zone): Reward=-46.31, SOC=0.52, Cost=$0.18
Episode 116 (5zone): Reward=-54.75, SOC=0.52, Cost=$0.21
Episode 117 (5zone): Reward=-110.75, SOC=0.52, Cost=$0.37
Episode 118 (5zone): Reward=-46.31, SOC=0.52, Cost=$0.18
Episode 119 (5zone): Reward=-54.75, SOC=0.52, Cost=$0.21
Episode 120 (5zone): Reward=-110.75, SOC=0.52, Cost=$0.37
Episode 121 (5zone): Reward=-46.31, SOC=0.52, Cost=$0.18
Episode 122 (5zone): Reward=-54.75, SOC=0.52, Cost=$0.21
Episode 123 (5zone): Reward=-110.75, SOC=0.52, Cost=$0.37
Episode 124 (5zone): Reward=-46.31, SOC=0.52, Cost=$0.18
Episode 125 (5zone): Reward=-54.75, SOC=0.52, Cost=$0.21
Episode 126 (5zone): Reward=-110.75, SOC=0.52, Cost=$0.37
Episode 127 (5zone): Reward=-46.31, SOC=0.52, Cost=$0.18
Episode 128 (5zone): Reward=-54.75, SOC=0.52, Cost=$0.21
Episode 129 (5zone): Reward=-110.75, SOC=0.52, Cost=$0.37
Episode 130 (5zone): Reward=-46.31, SOC=0.52, Cost=$0.18
Episode 131 (5zone): Reward=-54.75, SOC=0.52, Cost=$0.21
Episode 132 (5zone): Reward=-110.75, SOC=0.52, Cost=$0.37
Episode 133 (5zone): Reward=-46.31, SOC=0.52, Cost=$0.18
Episode 134 (5zone): Reward=-54.75, SOC=0.52, Cost=$0.21
Episode 135 (5zone): Reward=-110.75, SOC=0.52, Cost=$0.37
Episode 136 (5zone): Reward=-46.31, SOC=0.52, Cost=$0.18
Episode 137 (5zone): Reward=-54.75, SOC=0.52, Cost=$0.21
Episode 138 (5zone): Reward=-110.75, SOC=0.52, Cost=$0.37
Episode 139 (5zone): Reward=-46.31, SOC=0.52, Cost=$0.18
Episode 140 (5zone): Reward=-54.75, SOC=0.52, Cost=$0.21
Episode 141 (5zone): Reward=-110.75, SOC=0.52, Cost=$0.37
Episode 142 (5zone): Reward=-46.31, SOC=0.52, Cost=$0.18
Episode 143 (5zone): Reward=-54.75, SOC=0.52, Cost=$0.21
Episode 144 (5zone): Reward=-110.75, SOC=0.52, Cost=$0.37
Episode 145 (5zone): Reward=-46.31, SOC=0.52, Cost=$0.18
Episode 146 (5zone): Reward=-54.75, SOC=0.52, Cost=$0.21
Episode 147 (5zone): Reward=-110.75, SOC=0.52, Cost=$0.37
Episode 148 (5zone): Reward=-46.31, SOC=0.52, Cost=$0.18
Episode 149 (5zone): Reward=-54.75, SOC=0.52, Cost=$0.21
Episode 150 (5zone): Reward=-110.75, SOC=0.52, Cost=$0.37
Episode 151 (5zone): Reward=-46.31, SOC=0.52, Cost=$0.18
Episode 152 (5zone): Reward=-54.75, SOC=0.52, Cost=$0.21
Episode 153 (5zone): Reward=-110.75, SOC=0.52, Cost=$0.37
Episode 154 (5zone): Reward=-46.31, SOC=0.52, Cost=$0.18
Episode 155 (5zone): Reward=-54.75, SOC=0.52, Cost=$0.21
Episode 156 (5zone): Reward=-110.75, SOC=0.52, Cost=$0.37
Episode 157 (5zone): Reward=-46.31, SOC=0.52, Cost=$0.18
Episode 158 (5zone): Reward=-54.75, SOC=0.52, Cost=$0.21
Episode 159 (5zone): Reward=-110.75, SOC=0.52, Cost=$0.37
Episode 160 (5zone): Reward=-46.31, SOC=0.52, Cost=$0.18
Episode 161 (5zone): Reward=-54.75, SOC=0.52, Cost=$0.21
Episode 162 (5zone): Reward=-110.75, SOC=0.52, Cost=$0.37
Episode 163 (5zone): Reward=-46.31, SOC=0.52, Cost=$0.18
Episode 164 (5zone): Reward=-54.75, SOC=0.52, Cost=$0.21
Episode 165 (5zone): Reward=-110.75, SOC=0.52, Cost=$0.37
Episode 166 (5zone): Reward=-46.31, SOC=0.52, Cost=$0.18
Episode 167 (5zone): Reward=-54.75, SOC=0.52, Cost=$0.21
Episode 168 (5zone): Reward=-110.75, SOC=0.52, Cost=$0.37
Episode 169 (5zone): Reward=-46.31, SOC=0.52, Cost=$0.18
Episode 170 (5zone): Reward=-54.75, SOC=0.52, Cost=$0.21
Episode 171 (5zone): Reward=-110.75, SOC=0.52, Cost=$0.37
Episode 172 (5zone): Reward=-46.31, SOC=0.52, Cost=$0.18
Episode 173 (5zone): Reward=-54.75, SOC=0.52, Cost=$0.21
Episode 174 (5zone): Reward=-110.75, SOC=0.52, Cost=$0.37
Episode 175 (5zone): Reward=-46.31, SOC=0.52, Cost=$0.18
Episode 176 (5zone): Reward=-54.75, SOC=0.52, Cost=$0.21
Episode 177 (5zone): Reward=-110.75, SOC=0.52, Cost=$0.37
Episode 178 (5zone): Reward=-46.31, SOC=0.52, Cost=$0.18
Episode 179 (5zone): Reward=-54.75, SOC=0.52, Cost=$0.21
Episode 180 (5zone): Reward=-110.75, SOC=0.52, Cost=$0.37
Episode 181 (5zone): Reward=-46.31, SOC=0.52, Cost=$0.18
Episode 182 (5zone): Reward=-54.75, SOC=0.52, Cost=$0.21
Episode 183 (5zone): Reward=-110.75, SOC=0.52, Cost=$0.37
Episode 184 (5zone): Reward=-46.31, SOC=0.52, Cost=$0.18
Episode 185 (5zone): Reward=-54.75, SOC=0.52, Cost=$0.21
Episode 186 (5zone): Reward=-110.75, SOC=0.52, Cost=$0.37
Episode 187 (5zone): Reward=-46.31, SOC=0.52, Cost=$0.18
Episode 188 (5zone): Reward=-54.75, SOC=0.52, Cost=$0.21
Episode 189 (5zone): Reward=-110.75, SOC=0.52, Cost=$0.37
Episode 190 (5zone): Reward=-46.31, SOC=0.52, Cost=$0.18
Episode 191 (5zone): Reward=-54.75, SOC=0.52, Cost=$0.21
Episode 192 (5zone): Reward=-110.75, SOC=0.52, Cost=$0.37
Episode 193 (5zone): Reward=-46.31, SOC=0.52, Cost=$0.18
Episode 194 (5zone): Reward=-54.75, SOC=0.52, Cost=$0.21
Episode 195 (5zone): Reward=-110.75, SOC=0.52, Cost=$0.37
Episode 196 (5zone): Reward=-46.31, SOC=0.52, Cost=$0.18
Episode 197 (5zone): Reward=-54.75, SOC=0.52, Cost=$0.21
Episode 198 (5zone): Reward=-110.75, SOC=0.52, Cost=$0.37
Episode 199 (5zone): Reward=-46.31, SOC=0.52, Cost=$0.18
Episode 200 (5zone): Reward=-54.75, SOC=0.52, Cost=$0.21
Episode 201 (5zone): Reward=-110.75, SOC=0.52, Cost=$0.37
Episode 202 (5zone): Reward=-46.31, SOC=0.52, Cost=$0.18
Episode 203 (5zone): Reward=-54.75, SOC=0.52, Cost=$0.21
Episode 204 (5zone): Reward=-110.75, SOC=0.52, Cost=$0.37
Episode 205 (5zone): Reward=-46.31, SOC=0.52, Cost=$0.18
Episode 206 (5zone): Reward=-54.75, SOC=0.52, Cost=$0.21
Episode 207 (5zone): Reward=-110.75, SOC=0.52, Cost=$0.37
Episode 208 (5zone): Reward=-46.31, SOC=0.52, Cost=$0.18
Episode 209 (5zone): Reward=-54.75, SOC=0.52, Cost=$0.21
Episode 210 (5zone): Reward=-110.75, SOC=0.52, Cost=$0.37
Episode 211 (5zone): Reward=-46.31, SOC=0.52, Cost=$0.18
Episode 212 (5zone): Reward=-54.75, SOC=0.52, Cost=$0.21
Episode 213 (5zone): Reward=-110.75, SOC=0.52, Cost=$0.37
Episode 214 (5zone): Reward=-46.31, SOC=0.52, Cost=$0.18
Episode 215 (5zone): Reward=-54.75, SOC=0.52, Cost=$0.21
Episode 216 (5zone): Reward=-110.75, SOC=0.52, Cost=$0.37
Episode 217 (5zone): Reward=-46.31, SOC=0.52, Cost=$0.18
Episode 218 (5zone): Reward=-54.75, SOC=0.52, Cost=$0.21
Episode 219 (5zone): Reward=-110.75, SOC=0.52, Cost=$0.37
Episode 220 (5zone): Reward=-46.31, SOC=0.52, Cost=$0.18
Episode 221 (5zone): Reward=-54.75, SOC=0.52, Cost=$0.21
Episode 222 (5zone): Reward=-110.75, SOC=0.52, Cost=$0.37
Episode 223 (5zone): Reward=-46.31, SOC=0.52, Cost=$0.18
Episode 224 (5zone): Reward=-54.75, SOC=0.52, Cost=$0.21
Episode 225 (5zone): Reward=-110.75, SOC=0.52, Cost=$0.37
Episode 226 (5zone): Reward=-46.31, SOC=0.52, Cost=$0.18
Episode 227 (5zone): Reward=-54.75, SOC=0.52, Cost=$0.21
Episode 228 (5zone): Reward=-110.75, SOC=0.52, Cost=$0.37
Episode 229 (5zone): Reward=-46.31, SOC=0.52, Cost=$0.18
Episode 230 (5zone): Reward=-54.75, SOC=0.52, Cost=$0.21
Episode 231 (5zone): Reward=-110.75, SOC=0.52, Cost=$0.37
Episode 232 (5zone): Reward=-46.31, SOC=0.52, Cost=$0.18
Episode 233 (5zone): Reward=-54.75, SOC=0.52, Cost=$0.21
Episode 234 (5zone): Reward=-110.75, SOC=0.52, Cost=$0.37
Episode 235 (5zone): Reward=-46.31, SOC=0.52, Cost=$0.18
Episode 236 (5zone): Reward=-54.75, SOC=0.52, Cost=$0.21
Episode 237 (5zone): Reward=-110.75, SOC=0.52, Cost=$0.37
Episode 238 (5zone): Reward=-46.31, SOC=0.52, Cost=$0.18
Episode 239 (5zone): Reward=-54.75, SOC=0.52, Cost=$0.21
Episode 240 (5zone): Reward=-110.75, SOC=0.52, Cost=$0.37
Episode 241 (5zone): Reward=-46.31, SOC=0.52, Cost=$0.18
Episode 242 (5zone): Reward=-54.75, SOC=0.52, Cost=$0.21
Episode 243 (5zone): Reward=-110.75, SOC=0.52, Cost=$0.37
Episode 244 (5zone): Reward=-46.31, SOC=0.52, Cost=$0.18
Episode 245 (5zone): Reward=-54.75, SOC=0.52, Cost=$0.21
Episode 246 (5zone): Reward=-110.75, SOC=0.52, Cost=$0.37
Episode 247 (5zone): Reward=-46.31, SOC=0.52, Cost=$0.18
Episode 248 (5zone): Reward=-54.75, SOC=0.52, Cost=$0.21
Episode 249 (5zone): Reward=-110.75, SOC=0.52, Cost=$0.37
Episode 250 (5zone): Reward=-46.31, SOC=0.52, Cost=$0.18
Episode 251 (5zone): Reward=-54.75, SOC=0.52, Cost=$0.21
Episode 252 (5zone): Reward=-110.75, SOC=0.52, Cost=$0.37
Episode 253 (5zone): Reward=-46.31, SOC=0.52, Cost=$0.18
Episode 254 (5zone): Reward=-54.75, SOC=0.52, Cost=$0.21
Episode 255 (5zone): Reward=-110.75, SOC=0.52, Cost=$0.37
Episode 256 (5zone): Reward=-46.31, SOC=0.52, Cost=$0.18
Episode 257 (5zone): Reward=-54.75, SOC=0.52, Cost=$0.21
Episode 258 (5zone): Reward=-110.75, SOC=0.52, Cost=$0.37
Episode 259 (5zone): Reward=-46.31, SOC=0.52, Cost=$0.18
Episode 260 (5zone): Reward=-54.75, SOC=0.52, Cost=$0.21
Episode 261 (5zone): Reward=-110.75, SOC=0.52, Cost=$0.37
Episode 262 (5zone): Reward=-46.31, SOC=0.52, Cost=$0.18
Episode 263 (5zone): Reward=-54.75, SOC=0.52, Cost=$0.21
Episode 264 (5zone): Reward=-110.75, SOC=0.52, Cost=$0.37
Episode 265 (5zone): Reward=-46.31, SOC=0.52, Cost=$0.18
Episode 266 (5zone): Reward=-54.75, SOC=0.52, Cost=$0.21
Episode 267 (5zone): Reward=-110.75, SOC=0.52, Cost=$0.37
Episode 268 (5zone): Reward=-46.31, SOC=0.52, Cost=$0.18
Episode 269 (5zone): Reward=-54.75, SOC=0.52, Cost=$0.21
Episode 270 (5zone): Reward=-110.75, SOC=0.52, Cost=$0.37
Episode 271 (5zone): Reward=-46.31, SOC=0.52, Cost=$0.18
Episode 272 (5zone): Reward=-54.75, SOC=0.52, Cost=$0.21
Episode 273 (5zone): Reward=-110.75, SOC=0.52, Cost=$0.37
Episode 274 (5zone): Reward=-46.31, SOC=0.52, Cost=$0.18
Episode 275 (5zone): Reward=-54.75, SOC=0.52, Cost=$0.21
Episode 276 (5zone): Reward=-110.75, SOC=0.52, Cost=$0.37
Episode 277 (5zone): Reward=-46.31, SOC=0.52, Cost=$0.18
Episode 278 (5zone): Reward=-54.75, SOC=0.52, Cost=$0.21
Episode 279 (5zone): Reward=-110.75, SOC=0.52, Cost=$0.37
Episode 280 (5zone): Reward=-46.31, SOC=0.52, Cost=$0.18
Episode 281 (5zone): Reward=-54.75, SOC=0.52, Cost=$0.21
Episode 282 (5zone): Reward=-110.75, SOC=0.52, Cost=$0.37
Episode 283 (5zone): Reward=-46.31, SOC=0.52, Cost=$0.18
Episode 284 (5zone): Reward=-54.75, SOC=0.52, Cost=$0.21
Episode 285 (5zone): Reward=-110.75, SOC=0.52, Cost=$0.37
Episode 286 (5zone): Reward=-46.31, SOC=0.52, Cost=$0.18
Episode 287 (5zone): Reward=-54.75, SOC=0.52, Cost=$0.21
Episode 288 (5zone): Reward=-110.75, SOC=0.52, Cost=$0.37
Episode 289 (5zone): Reward=-46.31, SOC=0.52, Cost=$0.18
Episode 290 (5zone): Reward=-54.75, SOC=0.52, Cost=$0.21
Episode 291 (5zone): Reward=-110.75, SOC=0.52, Cost=$0.37
Episode 292 (5zone): Reward=-46.31, SOC=0.52, Cost=$0.18
Episode 293 (5zone): Reward=-54.75, SOC=0.52, Cost=$0.21
Episode 294 (5zone): Reward=-110.75, SOC=0.52, Cost=$0.37
Episode 295 (5zone): Reward=-46.31, SOC=0.52, Cost=$0.18
Episode 296 (5zone): Reward=-54.75, SOC=0.52, Cost=$0.21
Episode 297 (5zone): Reward=-110.75, SOC=0.52, Cost=$0.37
Episode 298 (5zone): Reward=-46.31, SOC=0.52, Cost=$0.18
Episode 299 (5zone): Reward=-54.75, SOC=0.52, Cost=$0.21
Episode 300 (5zone): Reward=-110.75, SOC=0.52, Cost=$0.37
Episode 301 (5zone): Reward=-46.31, SOC=0.52, Cost=$0.18
Episode 302 (5zone): Reward=-54.75, SOC=0.52, Cost=$0.21
Episode 303 (5zone): Reward=-110.75, SOC=0.52, Cost=$0.37
Episode 304 (5zone): Reward=-46.31, SOC=0.52, Cost=$0.18
Episode 305 (5zone): Reward=-54.75, SOC=0.52, Cost=$0.21
Episode 306 (5zone): Reward=-110.75, SOC=0.52, Cost=$0.37
Episode 307 (5zone): Reward=-46.31, SOC=0.52, Cost=$0.18
Episode 308 (5zone): Reward=-54.75, SOC=0.52, Cost=$0.21
Episode 309 (5zone): Reward=-110.75, SOC=0.52, Cost=$0.37
Episode 310 (5zone): Reward=-46.31, SOC=0.52, Cost=$0.18
Episode 311 (5zone): Reward=-54.75, SOC=0.52, Cost=$0.21
Episode 312 (5zone): Reward=-110.75, SOC=0.52, Cost=$0.37
Episode 313 (5zone): Reward=-46.31, SOC=0.52, Cost=$0.18
Episode 314 (5zone): Reward=-54.75, SOC=0.52, Cost=$0.21
Episode 315 (5zone): Reward=-110.75, SOC=0.52, Cost=$0.37
Episode 316 (5zone): Reward=-46.31, SOC=0.52, Cost=$0.18
Episode 317 (5zone): Reward=-54.75, SOC=0.52, Cost=$0.21
Episode 318 (5zone): Reward=-110.75, SOC=0.52, Cost=$0.37
Episode 319 (5zone): Reward=-46.31, SOC=0.52, Cost=$0.18
Episode 320 (5zone): Reward=-54.75, SOC=0.52, Cost=$0.21
Episode 321 (5zone): Reward=-110.75, SOC=0.52, Cost=$0.37
Episode 322 (5zone): Reward=-46.31, SOC=0.52, Cost=$0.18
Episode 323 (5zone): Reward=-54.75, SOC=0.52, Cost=$0.21
Episode 324 (5zone): Reward=-110.75, SOC=0.52, Cost=$0.37
Episode 325 (5zone): Reward=-46.31, SOC=0.52, Cost=$0.18
Episode 326 (5zone): Reward=-54.75, SOC=0.52, Cost=$0.21
Episode 327 (5zone): Reward=-110.75, SOC=0.52, Cost=$0.37
Episode 328 (5zone): Reward=-46.31, SOC=0.52, Cost=$0.18
Episode 329 (5zone): Reward=-54.75, SOC=0.52, Cost=$0.21
Episode 330 (5zone): Reward=-110.75, SOC=0.52, Cost=$0.37
Episode 331 (5zone): Reward=-46.31, SOC=0.52, Cost=$0.18
Episode 332 (5zone): Reward=-54.75, SOC=0.52, Cost=$0.21
Episode 333 (5zone): Reward=-110.75, SOC=0.52, Cost=$0.37
Episode 334 (5zone): Reward=-46.31, SOC=0.52, Cost=$0.18
Episode 335 (5zone): Reward=-54.75, SOC=0.52, Cost=$0.21
Episode 336 (5zone): Reward=-110.75, SOC=0.52, Cost=$0.37
Episode 337 (5zone): Reward=-46.31, SOC=0.52, Cost=$0.18
Episode 338 (5zone): Reward=-54.75, SOC=0.52, Cost=$0.21
Episode 339 (5zone): Reward=-110.75, SOC=0.52, Cost=$0.37
Episode 340 (5zone): Reward=-46.31, SOC=0.52, Cost=$0.18
Episode 341 (5zone): Reward=-54.75, SOC=0.52, Cost=$0.21
Episode 342 (5zone): Reward=-110.75, SOC=0.52, Cost=$0.37
Episode 343 (5zone): Reward=-46.31, SOC=0.52, Cost=$0.18
Episode 344 (5zone): Reward=-54.75, SOC=0.52, Cost=$0.21
Episode 345 (5zone): Reward=-110.75, SOC=0.52, Cost=$0.37
Episode 346 (5zone): Reward=-46.31, SOC=0.52, Cost=$0.18
Episode 347 (5zone): Reward=-54.75, SOC=0.52, Cost=$0.21
Episode 348 (5zone): Reward=-110.75, SOC=0.52, Cost=$0.37
Episode 349 (5zone): Reward=-46.31, SOC=0.52, Cost=$0.18
Episode 350 (5zone): Reward=-54.75, SOC=0.52, Cost=$0.21

End: 2026-01-09 22:36:14.000096
