================================================================================
Phase 3A (REVISED) : Offline Dataset Generation
Start: 2026-01-09 14:58:08.630006
SEED: 42
Target transitions: 50000
Mix: {'random': 0.7, 'rule': 0.2, 'expert': 0.1}
================================================================================

Episode 1 (random): 250 transitions, reward: -414.48
Episode 2 (random): 250 transitions, reward: -377.58
Episode 3 (random): 250 transitions, reward: -465.99
Episode 4 (rule): 250 transitions, reward: -523.11
Episode 5 (random): 250 transitions, reward: -350.41
Episode 6 (random): 250 transitions, reward: -612.20
Episode 7 (random): 250 transitions, reward: -368.50
Episode 8 (rule): 250 transitions, reward: -846.13
Episode 9 (rule): 250 transitions, reward: -1225.36
Episode 10 (random): 250 transitions, reward: -352.54
Episode 11 (random): 250 transitions, reward: -408.36
Episode 12 (expert): 250 transitions, reward: -1225.36
Episode 13 (rule): 250 transitions, reward: -523.11
Episode 14 (random): 250 transitions, reward: -311.88
Episode 15 (expert): 250 transitions, reward: -1225.36
Episode 16 (rule): 250 transitions, reward: -523.11
Episode 17 (random): 250 transitions, reward: -375.24
Episode 18 (rule): 250 transitions, reward: -1225.36
Episode 19 (random): 250 transitions, reward: -495.33
Episode 20 (random): 250 transitions, reward: -422.66
Episode 21 (random): 250 transitions, reward: -557.81
Episode 22 (random): 250 transitions, reward: -489.37
Episode 23 (rule): 250 transitions, reward: -846.13
Episode 24 (random): 250 transitions, reward: -585.95
Episode 25 (random): 250 transitions, reward: -327.21
Episode 26 (random): 250 transitions, reward: -328.36
Episode 27 (random): 250 transitions, reward: -615.41
Episode 28 (random): 250 transitions, reward: -334.73
Episode 29 (random): 250 transitions, reward: -322.15
Episode 30 (random): 250 transitions, reward: -621.29
Episode 31 (random): 250 transitions, reward: -356.90
Episode 32 (random): 250 transitions, reward: -398.19
Episode 33 (random): 250 transitions, reward: -595.77
Episode 34 (random): 250 transitions, reward: -481.68
Episode 35 (rule): 250 transitions, reward: -846.13
Episode 36 (random): 250 transitions, reward: -662.01
Episode 37 (random): 250 transitions, reward: -359.95
Episode 38 (random): 250 transitions, reward: -337.91
Episode 39 (rule): 250 transitions, reward: -1225.36
Episode 40 (random): 250 transitions, reward: -486.15
Episode 41 (random): 250 transitions, reward: -307.72
Episode 42 (expert): 250 transitions, reward: -1225.36
Episode 43 (random): 250 transitions, reward: -350.20
Episode 44 (random): 250 transitions, reward: -308.40
Episode 45 (random): 250 transitions, reward: -649.00
Episode 46 (expert): 250 transitions, reward: -523.11
Episode 47 (random): 250 transitions, reward: -296.21
Episode 48 (random): 250 transitions, reward: -575.30
Episode 49 (rule): 250 transitions, reward: -523.11
Episode 50 (random): 250 transitions, reward: -397.47
Episode 51 (random): 250 transitions, reward: -579.24
Episode 52 (rule): 250 transitions, reward: -523.11
Episode 53 (random): 250 transitions, reward: -319.54
Episode 54 (random): 250 transitions, reward: -546.93
Episode 55 (random): 250 transitions, reward: -359.92
Episode 56 (random): 250 transitions, reward: -276.93
Episode 57 (rule): 250 transitions, reward: -1225.36
Episode 58 (random): 250 transitions, reward: -395.94
Episode 59 (rule): 250 transitions, reward: -846.13
Episode 60 (random): 250 transitions, reward: -652.72
Episode 61 (rule): 250 transitions, reward: -523.11
Episode 62 (random): 250 transitions, reward: -339.84
Episode 63 (random): 250 transitions, reward: -683.29
Episode 64 (random): 250 transitions, reward: -292.17
Episode 65 (random): 250 transitions, reward: -396.83
Episode 66 (random): 250 transitions, reward: -538.95
Episode 67 (random): 250 transitions, reward: -307.06
Episode 68 (expert): 250 transitions, reward: -846.13
Episode 69 (random): 250 transitions, reward: -622.98
Episode 70 (random): 250 transitions, reward: -390.19
Episode 71 (random): 250 transitions, reward: -446.17
Episode 72 (random): 250 transitions, reward: -673.45
Episode 73 (rule): 250 transitions, reward: -523.11
Episode 74 (random): 250 transitions, reward: -360.47
Episode 75 (random): 250 transitions, reward: -542.68
Episode 76 (random): 250 transitions, reward: -391.63
Episode 77 (random): 250 transitions, reward: -404.19
Episode 78 (random): 250 transitions, reward: -722.56
Episode 79 (random): 250 transitions, reward: -434.28
Episode 80 (random): 250 transitions, reward: -392.21
Episode 81 (random): 250 transitions, reward: -505.91
Episode 82 (random): 250 transitions, reward: -288.19
Episode 83 (random): 250 transitions, reward: -392.34
Episode 84 (expert): 250 transitions, reward: -1225.36
Episode 85 (expert): 250 transitions, reward: -523.11
Episode 86 (random): 250 transitions, reward: -452.23
Episode 87 (rule): 250 transitions, reward: -1225.36
Episode 88 (random): 250 transitions, reward: -393.65
Episode 89 (expert): 250 transitions, reward: -846.13
Episode 90 (random): 250 transitions, reward: -541.33
Episode 91 (random): 250 transitions, reward: -359.24
Episode 92 (rule): 250 transitions, reward: -846.13
Episode 93 (random): 250 transitions, reward: -659.20
Episode 94 (random): 250 transitions, reward: -362.72
Episode 95 (random): 250 transitions, reward: -332.66
Episode 96 (expert): 250 transitions, reward: -1225.36
Episode 97 (rule): 250 transitions, reward: -523.11
Episode 98 (random): 250 transitions, reward: -352.29
Episode 99 (random): 250 transitions, reward: -588.29
Episode 100 (random): 250 transitions, reward: -398.35
Episode 101 (random): 250 transitions, reward: -315.08
Episode 102 (random): 250 transitions, reward: -655.28
Episode 103 (rule): 250 transitions, reward: -523.11
Episode 104 (rule): 250 transitions, reward: -846.13
Episode 105 (random): 250 transitions, reward: -525.89
Episode 106 (rule): 250 transitions, reward: -523.11
Episode 107 (random): 250 transitions, reward: -314.08
Episode 108 (random): 250 transitions, reward: -565.38
Episode 109 (random): 250 transitions, reward: -315.97
Episode 110 (rule): 250 transitions, reward: -846.13
Episode 111 (rule): 250 transitions, reward: -1225.36
Episode 112 (random): 250 transitions, reward: -371.09
Episode 113 (expert): 250 transitions, reward: -846.13
Episode 114 (rule): 250 transitions, reward: -1225.36
Episode 115 (random): 250 transitions, reward: -403.93
Episode 116 (random): 250 transitions, reward: -328.59
Episode 117 (random): 250 transitions, reward: -696.22
Episode 118 (random): 250 transitions, reward: -379.36
Episode 119 (rule): 250 transitions, reward: -846.13
Episode 120 (random): 250 transitions, reward: -559.03
Episode 121 (random): 250 transitions, reward: -308.94
Episode 122 (random): 250 transitions, reward: -401.76
Episode 123 (rule): 250 transitions, reward: -1225.36
Episode 124 (rule): 250 transitions, reward: -523.11
Episode 125 (random): 250 transitions, reward: -398.60
Episode 126 (random): 250 transitions, reward: -494.68
Episode 127 (expert): 250 transitions, reward: -523.11
Episode 128 (rule): 250 transitions, reward: -846.13
Episode 129 (random): 250 transitions, reward: -592.28
Episode 130 (random): 250 transitions, reward: -444.02
Episode 131 (rule): 250 transitions, reward: -846.13
Episode 132 (random): 250 transitions, reward: -519.44
Episode 133 (random): 250 transitions, reward: -359.50
Episode 134 (rule): 250 transitions, reward: -846.13
Episode 135 (random): 250 transitions, reward: -507.84
Episode 136 (random): 250 transitions, reward: -466.40
Episode 137 (random): 250 transitions, reward: -295.45
Episode 138 (random): 250 transitions, reward: -591.33
Episode 139 (random): 250 transitions, reward: -329.07
Episode 140 (random): 250 transitions, reward: -390.62
Episode 141 (expert): 250 transitions, reward: -1225.36
Episode 142 (rule): 250 transitions, reward: -523.11
Episode 143 (expert): 250 transitions, reward: -846.13
Episode 144 (random): 250 transitions, reward: -555.42
Episode 145 (random): 250 transitions, reward: -382.40
Episode 146 (random): 250 transitions, reward: -329.47
Episode 147 (random): 250 transitions, reward: -821.20
Episode 148 (random): 250 transitions, reward: -379.32
Episode 149 (random): 250 transitions, reward: -321.08
Episode 150 (random): 250 transitions, reward: -598.36
Episode 151 (rule): 250 transitions, reward: -523.11
Episode 152 (expert): 250 transitions, reward: -846.13
Episode 153 (random): 250 transitions, reward: -553.84
Episode 154 (random): 250 transitions, reward: -311.48
Episode 155 (random): 250 transitions, reward: -293.76
Episode 156 (random): 250 transitions, reward: -539.02
Episode 157 (rule): 250 transitions, reward: -523.11
Episode 158 (random): 250 transitions, reward: -385.11
Episode 159 (random): 250 transitions, reward: -526.04
Episode 160 (random): 250 transitions, reward: -372.13
Episode 161 (rule): 250 transitions, reward: -846.13
Episode 162 (random): 250 transitions, reward: -607.22
Episode 163 (rule): 250 transitions, reward: -523.11
Episode 164 (expert): 250 transitions, reward: -846.13
Episode 165 (random): 250 transitions, reward: -618.33
Episode 166 (random): 250 transitions, reward: -362.47
Episode 167 (random): 250 transitions, reward: -336.64
Episode 168 (random): 250 transitions, reward: -624.11
Episode 169 (expert): 250 transitions, reward: -523.11
Episode 170 (random): 250 transitions, reward: -359.99
Episode 171 (random): 250 transitions, reward: -507.22
Episode 172 (random): 250 transitions, reward: -323.13
Episode 173 (random): 250 transitions, reward: -329.54
Episode 174 (random): 250 transitions, reward: -698.26
Episode 175 (rule): 250 transitions, reward: -523.11
Episode 176 (expert): 250 transitions, reward: -846.13
Episode 177 (random): 250 transitions, reward: -687.28
Episode 178 (random): 250 transitions, reward: -286.85
Episode 179 (rule): 250 transitions, reward: -846.13
Episode 180 (expert): 250 transitions, reward: -1225.36
Episode 181 (random): 250 transitions, reward: -481.08
Episode 182 (random): 250 transitions, reward: -346.66
Episode 183 (rule): 250 transitions, reward: -1225.36
Episode 184 (random): 250 transitions, reward: -404.25
Episode 185 (rule): 250 transitions, reward: -846.13
Episode 186 (random): 250 transitions, reward: -607.93
Episode 187 (random): 250 transitions, reward: -332.63
Episode 188 (random): 250 transitions, reward: -347.76
Episode 189 (random): 250 transitions, reward: -519.07
Episode 190 (random): 250 transitions, reward: -413.48
Episode 191 (random): 250 transitions, reward: -416.07
Episode 192 (expert): 250 transitions, reward: -1225.36
Episode 193 (random): 250 transitions, reward: -371.43
Episode 194 (expert): 250 transitions, reward: -846.13
Episode 195 (random): 250 transitions, reward: -575.65
Episode 196 (random): 250 transitions, reward: -338.09
Episode 197 (random): 250 transitions, reward: -355.96
Episode 198 (random): 250 transitions, reward: -640.07
Episode 199 (rule): 250 transitions, reward: -523.11
Episode 200 (random): 250 transitions, reward: -397.95

Total transitions: 50000
End: 2026-01-09 15:05:29.198807
