Phase 3C : TD3 Online Training
Start: 2026-01-09 22:36:14.559042
Buildings: ['Eplus-5zone-hot-continuous-v1', 'Eplus-5zone-cool-continuous-v1', 'Eplus-5zone-mixed-continuous-v1']
================================================================================

Episode 1 (5zone): Reward=-44.81, SOC=0.48, Cost=$0.18
Episode 2 (5zone): Reward=-51.94, SOC=0.48, Cost=$0.20
Episode 3 (5zone): Reward=-106.88, SOC=0.48, Cost=$0.36
Episode 4 (5zone): Reward=-44.58, SOC=0.48, Cost=$0.18
Episode 5 (5zone): Reward=-52.35, SOC=0.48, Cost=$0.20
Episode 6 (5zone): Reward=-106.90, SOC=0.48, Cost=$0.36
Episode 7 (5zone): Reward=-44.40, SOC=0.48, Cost=$0.18
Episode 8 (5zone): Reward=-51.99, SOC=0.48, Cost=$0.20
Episode 9 (5zone): Reward=-108.27, SOC=0.48, Cost=$0.36
Episode 10 (5zone): Reward=-44.28, SOC=0.48, Cost=$0.18
Episode 11 (5zone): Reward=-51.72, SOC=0.48, Cost=$0.20
Episode 12 (5zone): Reward=-107.34, SOC=0.48, Cost=$0.36
Episode 13 (5zone): Reward=-44.49, SOC=0.48, Cost=$0.18
Episode 14 (5zone): Reward=-52.51, SOC=0.48, Cost=$0.20
Episode 15 (5zone): Reward=-107.08, SOC=0.48, Cost=$0.36
Episode 16 (5zone): Reward=-44.40, SOC=0.48, Cost=$0.18
Episode 17 (5zone): Reward=-51.07, SOC=0.48, Cost=$0.19
Episode 18 (5zone): Reward=-106.53, SOC=0.48, Cost=$0.36
Episode 19 (5zone): Reward=-44.44, SOC=0.48, Cost=$0.18
Episode 20 (5zone): Reward=-51.68, SOC=0.48, Cost=$0.20
Episode 21 (5zone): Reward=-107.87, SOC=0.48, Cost=$0.36
Episode 22 (5zone): Reward=-44.34, SOC=0.48, Cost=$0.18
Episode 23 (5zone): Reward=-51.69, SOC=0.48, Cost=$0.20
Episode 24 (5zone): Reward=-106.96, SOC=0.48, Cost=$0.36
Episode 25 (5zone): Reward=-44.16, SOC=0.48, Cost=$0.18
Episode 26 (5zone): Reward=-52.25, SOC=0.48, Cost=$0.20
Episode 27 (5zone): Reward=-107.30, SOC=0.48, Cost=$0.36
Episode 28 (5zone): Reward=-44.97, SOC=0.48, Cost=$0.18
Episode 29 (5zone): Reward=-52.17, SOC=0.48, Cost=$0.20
Episode 30 (5zone): Reward=-107.22, SOC=0.48, Cost=$0.36
Episode 31 (5zone): Reward=-44.75, SOC=0.48, Cost=$0.18
Episode 32 (5zone): Reward=-52.31, SOC=0.48, Cost=$0.20
Episode 33 (5zone): Reward=-107.50, SOC=0.48, Cost=$0.36
Episode 34 (5zone): Reward=-44.68, SOC=0.48, Cost=$0.18
Episode 35 (5zone): Reward=-51.64, SOC=0.48, Cost=$0.20
Episode 36 (5zone): Reward=-108.01, SOC=0.48, Cost=$0.36
Episode 37 (5zone): Reward=-44.51, SOC=0.48, Cost=$0.18
Episode 38 (5zone): Reward=-51.46, SOC=0.48, Cost=$0.20
Episode 39 (5zone): Reward=-108.26, SOC=0.48, Cost=$0.36
Episode 40 (5zone): Reward=-44.48, SOC=0.48, Cost=$0.18
Episode 41 (5zone): Reward=-51.62, SOC=0.48, Cost=$0.20
Episode 42 (5zone): Reward=-107.34, SOC=0.48, Cost=$0.36
Episode 43 (5zone): Reward=-44.27, SOC=0.48, Cost=$0.18
Episode 44 (5zone): Reward=-52.70, SOC=0.48, Cost=$0.20
Episode 45 (5zone): Reward=-106.95, SOC=0.48, Cost=$0.36
Episode 46 (5zone): Reward=-43.88, SOC=0.48, Cost=$0.17
Episode 47 (5zone): Reward=-51.67, SOC=0.48, Cost=$0.20
Episode 48 (5zone): Reward=-107.58, SOC=0.48, Cost=$0.36
Episode 49 (5zone): Reward=-44.50, SOC=0.48, Cost=$0.18
Episode 50 (5zone): Reward=-51.84, SOC=0.48, Cost=$0.20
Episode 51 (5zone): Reward=-106.51, SOC=0.48, Cost=$0.36
Episode 52 (5zone): Reward=-44.57, SOC=0.48, Cost=$0.18
Episode 53 (5zone): Reward=-51.99, SOC=0.48, Cost=$0.20
Episode 54 (5zone): Reward=-107.17, SOC=0.48, Cost=$0.36
Episode 55 (5zone): Reward=-44.37, SOC=0.48, Cost=$0.18
Episode 56 (5zone): Reward=-51.60, SOC=0.48, Cost=$0.20
Episode 57 (5zone): Reward=-106.78, SOC=0.48, Cost=$0.36
Episode 58 (5zone): Reward=-44.47, SOC=0.48, Cost=$0.18
Episode 59 (5zone): Reward=-52.00, SOC=0.48, Cost=$0.20
Episode 60 (5zone): Reward=-106.83, SOC=0.48, Cost=$0.36
Episode 61 (5zone): Reward=-44.50, SOC=0.48, Cost=$0.18
Episode 62 (5zone): Reward=-51.72, SOC=0.48, Cost=$0.20
Episode 63 (5zone): Reward=-107.46, SOC=0.48, Cost=$0.36
Episode 64 (5zone): Reward=-44.29, SOC=0.48, Cost=$0.18
Episode 65 (5zone): Reward=-52.59, SOC=0.48, Cost=$0.20
Episode 66 (5zone): Reward=-106.45, SOC=0.48, Cost=$0.36
Episode 67 (5zone): Reward=-44.22, SOC=0.48, Cost=$0.18
Episode 68 (5zone): Reward=-51.82, SOC=0.48, Cost=$0.20
Episode 69 (5zone): Reward=-107.10, SOC=0.48, Cost=$0.36
Episode 70 (5zone): Reward=-44.21, SOC=0.48, Cost=$0.18
Episode 71 (5zone): Reward=-51.54, SOC=0.48, Cost=$0.20
Episode 72 (5zone): Reward=-107.42, SOC=0.48, Cost=$0.36
Episode 73 (5zone): Reward=-44.64, SOC=0.48, Cost=$0.18
Episode 74 (5zone): Reward=-51.60, SOC=0.48, Cost=$0.20
Episode 75 (5zone): Reward=-107.25, SOC=0.48, Cost=$0.36
Episode 76 (5zone): Reward=-44.60, SOC=0.48, Cost=$0.18
Episode 77 (5zone): Reward=-51.76, SOC=0.48, Cost=$0.20
Episode 78 (5zone): Reward=-108.20, SOC=0.48, Cost=$0.36
Episode 79 (5zone): Reward=-44.44, SOC=0.48, Cost=$0.18
Episode 80 (5zone): Reward=-51.63, SOC=0.48, Cost=$0.20
Episode 81 (5zone): Reward=-106.99, SOC=0.48, Cost=$0.36
Episode 82 (5zone): Reward=-44.71, SOC=0.48, Cost=$0.18
Episode 83 (5zone): Reward=-51.24, SOC=0.48, Cost=$0.20
Episode 84 (5zone): Reward=-107.47, SOC=0.48, Cost=$0.36
Episode 85 (5zone): Reward=-44.91, SOC=0.48, Cost=$0.18
Episode 86 (5zone): Reward=-51.65, SOC=0.48, Cost=$0.20
Episode 87 (5zone): Reward=-107.19, SOC=0.48, Cost=$0.36
Episode 88 (5zone): Reward=-44.39, SOC=0.48, Cost=$0.18
Episode 89 (5zone): Reward=-51.82, SOC=0.48, Cost=$0.20
Episode 90 (5zone): Reward=-106.73, SOC=0.48, Cost=$0.36
Episode 91 (5zone): Reward=-44.45, SOC=0.48, Cost=$0.18
Episode 92 (5zone): Reward=-51.49, SOC=0.48, Cost=$0.20
Episode 93 (5zone): Reward=-107.70, SOC=0.48, Cost=$0.36
Episode 94 (5zone): Reward=-44.47, SOC=0.48, Cost=$0.18
Episode 95 (5zone): Reward=-51.58, SOC=0.48, Cost=$0.20
Episode 96 (5zone): Reward=-107.46, SOC=0.48, Cost=$0.36
Episode 97 (5zone): Reward=-30.59, SOC=0.49, Cost=$0.18
Episode 98 (5zone): Reward=-43.08, SOC=0.49, Cost=$0.19
Episode 99 (5zone): Reward=-107.36, SOC=0.48, Cost=$0.36
Episode 100 (5zone): Reward=-44.48, SOC=0.48, Cost=$0.18
Episode 101 (5zone): Reward=-52.00, SOC=0.48, Cost=$0.20
Episode 102 (5zone): Reward=-107.59, SOC=0.48, Cost=$0.36
Episode 103 (5zone): Reward=-44.59, SOC=0.48, Cost=$0.18
Episode 104 (5zone): Reward=-51.85, SOC=0.48, Cost=$0.20
Episode 105 (5zone): Reward=-107.48, SOC=0.48, Cost=$0.36
Episode 106 (5zone): Reward=-44.63, SOC=0.48, Cost=$0.18
Episode 107 (5zone): Reward=-52.22, SOC=0.48, Cost=$0.20
Episode 108 (5zone): Reward=-107.30, SOC=0.48, Cost=$0.36
Episode 109 (5zone): Reward=-44.63, SOC=0.48, Cost=$0.18
Episode 110 (5zone): Reward=-51.70, SOC=0.48, Cost=$0.20
Episode 111 (5zone): Reward=-107.46, SOC=0.48, Cost=$0.36
Episode 112 (5zone): Reward=-44.42, SOC=0.48, Cost=$0.18
Episode 113 (5zone): Reward=-52.43, SOC=0.48, Cost=$0.20
Episode 114 (5zone): Reward=-107.55, SOC=0.48, Cost=$0.36
Episode 115 (5zone): Reward=-44.50, SOC=0.48, Cost=$0.18
Episode 116 (5zone): Reward=-51.26, SOC=0.48, Cost=$0.20
Episode 117 (5zone): Reward=-107.73, SOC=0.48, Cost=$0.36
Episode 118 (5zone): Reward=-44.15, SOC=0.48, Cost=$0.18
Episode 119 (5zone): Reward=-51.68, SOC=0.48, Cost=$0.20
Episode 120 (5zone): Reward=-107.21, SOC=0.48, Cost=$0.36
Episode 121 (5zone): Reward=-44.74, SOC=0.48, Cost=$0.18
Episode 122 (5zone): Reward=-51.74, SOC=0.48, Cost=$0.20
Episode 123 (5zone): Reward=-106.90, SOC=0.48, Cost=$0.36
Episode 124 (5zone): Reward=-44.17, SOC=0.48, Cost=$0.18
Episode 125 (5zone): Reward=-52.23, SOC=0.48, Cost=$0.20
Episode 126 (5zone): Reward=-107.61, SOC=0.48, Cost=$0.36
Episode 127 (5zone): Reward=-44.68, SOC=0.48, Cost=$0.18
Episode 128 (5zone): Reward=-51.73, SOC=0.48, Cost=$0.20
Episode 129 (5zone): Reward=-107.93, SOC=0.48, Cost=$0.36
Episode 130 (5zone): Reward=-44.52, SOC=0.48, Cost=$0.18
Episode 131 (5zone): Reward=-51.76, SOC=0.48, Cost=$0.20
Episode 132 (5zone): Reward=-107.53, SOC=0.48, Cost=$0.36
Episode 133 (5zone): Reward=-44.52, SOC=0.48, Cost=$0.18
Episode 134 (5zone): Reward=-51.55, SOC=0.48, Cost=$0.20
Episode 135 (5zone): Reward=-107.71, SOC=0.48, Cost=$0.36
Episode 136 (5zone): Reward=-44.54, SOC=0.48, Cost=$0.18
Episode 137 (5zone): Reward=-51.58, SOC=0.48, Cost=$0.20
Episode 138 (5zone): Reward=-107.16, SOC=0.48, Cost=$0.36
Episode 139 (5zone): Reward=-44.73, SOC=0.48, Cost=$0.18
Episode 140 (5zone): Reward=-52.13, SOC=0.48, Cost=$0.20
Episode 141 (5zone): Reward=-108.10, SOC=0.48, Cost=$0.36
Episode 142 (5zone): Reward=-44.15, SOC=0.48, Cost=$0.18
Episode 143 (5zone): Reward=-52.22, SOC=0.48, Cost=$0.20
Episode 144 (5zone): Reward=-107.26, SOC=0.48, Cost=$0.36
Episode 145 (5zone): Reward=-44.69, SOC=0.48, Cost=$0.18
Episode 146 (5zone): Reward=-52.38, SOC=0.48, Cost=$0.20
Episode 147 (5zone): Reward=-107.82, SOC=0.48, Cost=$0.36
Episode 148 (5zone): Reward=-44.51, SOC=0.48, Cost=$0.18
Episode 149 (5zone): Reward=-51.80, SOC=0.48, Cost=$0.20
Episode 150 (5zone): Reward=-107.63, SOC=0.48, Cost=$0.36
Episode 151 (5zone): Reward=-44.57, SOC=0.48, Cost=$0.18
Episode 152 (5zone): Reward=-52.12, SOC=0.48, Cost=$0.20
Episode 153 (5zone): Reward=-107.84, SOC=0.48, Cost=$0.36
Episode 154 (5zone): Reward=-44.43, SOC=0.48, Cost=$0.18
Episode 155 (5zone): Reward=-52.09, SOC=0.48, Cost=$0.20
Episode 156 (5zone): Reward=-107.01, SOC=0.48, Cost=$0.36
Episode 157 (5zone): Reward=-44.29, SOC=0.48, Cost=$0.18
Episode 158 (5zone): Reward=-51.42, SOC=0.48, Cost=$0.20
Episode 159 (5zone): Reward=-108.44, SOC=0.48, Cost=$0.36
Episode 160 (5zone): Reward=-44.67, SOC=0.48, Cost=$0.18
Episode 161 (5zone): Reward=-51.55, SOC=0.48, Cost=$0.20
Episode 162 (5zone): Reward=-107.00, SOC=0.48, Cost=$0.36
Episode 163 (5zone): Reward=-44.14, SOC=0.48, Cost=$0.18
Episode 164 (5zone): Reward=-52.04, SOC=0.48, Cost=$0.20
Episode 165 (5zone): Reward=-107.67, SOC=0.48, Cost=$0.36
Episode 166 (5zone): Reward=-44.18, SOC=0.48, Cost=$0.18
Episode 167 (5zone): Reward=-52.16, SOC=0.48, Cost=$0.20
Episode 168 (5zone): Reward=-107.41, SOC=0.48, Cost=$0.36
Episode 169 (5zone): Reward=-44.75, SOC=0.48, Cost=$0.18
Episode 170 (5zone): Reward=-52.27, SOC=0.48, Cost=$0.20
Episode 171 (5zone): Reward=-106.88, SOC=0.48, Cost=$0.36
Episode 172 (5zone): Reward=-45.02, SOC=0.48, Cost=$0.18
Episode 173 (5zone): Reward=-51.37, SOC=0.48, Cost=$0.20
Episode 174 (5zone): Reward=-107.60, SOC=0.48, Cost=$0.36
Episode 175 (5zone): Reward=-44.21, SOC=0.48, Cost=$0.18
Episode 176 (5zone): Reward=-51.35, SOC=0.48, Cost=$0.20
Episode 177 (5zone): Reward=-107.76, SOC=0.48, Cost=$0.36
Episode 178 (5zone): Reward=-44.49, SOC=0.48, Cost=$0.18
Episode 179 (5zone): Reward=-51.84, SOC=0.48, Cost=$0.20
Episode 180 (5zone): Reward=-107.93, SOC=0.48, Cost=$0.36
Episode 181 (5zone): Reward=-44.55, SOC=0.48, Cost=$0.18
Episode 182 (5zone): Reward=-51.83, SOC=0.48, Cost=$0.20
Episode 183 (5zone): Reward=-107.24, SOC=0.48, Cost=$0.36
Episode 184 (5zone): Reward=-44.43, SOC=0.48, Cost=$0.18
Episode 185 (5zone): Reward=-51.89, SOC=0.48, Cost=$0.20
Episode 186 (5zone): Reward=-107.71, SOC=0.48, Cost=$0.36
Episode 187 (5zone): Reward=-44.25, SOC=0.48, Cost=$0.18
Episode 188 (5zone): Reward=-51.58, SOC=0.48, Cost=$0.20
Episode 189 (5zone): Reward=-107.34, SOC=0.48, Cost=$0.36
Episode 190 (5zone): Reward=-44.03, SOC=0.48, Cost=$0.18
Episode 191 (5zone): Reward=-52.02, SOC=0.48, Cost=$0.20
Episode 192 (5zone): Reward=-107.42, SOC=0.48, Cost=$0.36
Episode 193 (5zone): Reward=-44.54, SOC=0.48, Cost=$0.18
Episode 194 (5zone): Reward=-51.76, SOC=0.48, Cost=$0.20
Episode 195 (5zone): Reward=-107.41, SOC=0.48, Cost=$0.36
Episode 196 (5zone): Reward=-44.47, SOC=0.48, Cost=$0.18
Episode 197 (5zone): Reward=-51.76, SOC=0.48, Cost=$0.20
Episode 198 (5zone): Reward=-106.97, SOC=0.48, Cost=$0.36
Episode 199 (5zone): Reward=-44.59, SOC=0.48, Cost=$0.18
Episode 200 (5zone): Reward=-51.87, SOC=0.48, Cost=$0.20
Episode 201 (5zone): Reward=-108.02, SOC=0.48, Cost=$0.36
Episode 202 (5zone): Reward=-44.63, SOC=0.48, Cost=$0.18
Episode 203 (5zone): Reward=-50.99, SOC=0.48, Cost=$0.19
Episode 204 (5zone): Reward=-107.42, SOC=0.48, Cost=$0.36
Episode 205 (5zone): Reward=-44.41, SOC=0.48, Cost=$0.18
Episode 206 (5zone): Reward=-51.77, SOC=0.48, Cost=$0.20
Episode 207 (5zone): Reward=-106.48, SOC=0.48, Cost=$0.36
Episode 208 (5zone): Reward=-44.14, SOC=0.48, Cost=$0.18
Episode 209 (5zone): Reward=-52.56, SOC=0.48, Cost=$0.20
Episode 210 (5zone): Reward=-107.59, SOC=0.48, Cost=$0.36
Episode 211 (5zone): Reward=-44.56, SOC=0.48, Cost=$0.18
Episode 212 (5zone): Reward=-51.37, SOC=0.48, Cost=$0.20
Episode 213 (5zone): Reward=-107.57, SOC=0.48, Cost=$0.36
Episode 214 (5zone): Reward=-44.23, SOC=0.48, Cost=$0.18
Episode 215 (5zone): Reward=-51.42, SOC=0.48, Cost=$0.20
Episode 216 (5zone): Reward=-107.13, SOC=0.48, Cost=$0.36
Episode 217 (5zone): Reward=-43.95, SOC=0.48, Cost=$0.18
Episode 218 (5zone): Reward=-51.97, SOC=0.48, Cost=$0.20
Episode 219 (5zone): Reward=-107.68, SOC=0.48, Cost=$0.36
Episode 220 (5zone): Reward=-44.09, SOC=0.48, Cost=$0.18
Episode 221 (5zone): Reward=-51.76, SOC=0.48, Cost=$0.20
Episode 222 (5zone): Reward=-106.97, SOC=0.48, Cost=$0.36
Episode 223 (5zone): Reward=-44.26, SOC=0.48, Cost=$0.18
Episode 224 (5zone): Reward=-51.93, SOC=0.48, Cost=$0.20
Episode 225 (5zone): Reward=-107.73, SOC=0.48, Cost=$0.36
Episode 226 (5zone): Reward=-44.72, SOC=0.48, Cost=$0.18
Episode 227 (5zone): Reward=-51.70, SOC=0.48, Cost=$0.20
Episode 228 (5zone): Reward=-106.84, SOC=0.48, Cost=$0.36
Episode 229 (5zone): Reward=-44.24, SOC=0.48, Cost=$0.18
Episode 230 (5zone): Reward=-52.05, SOC=0.48, Cost=$0.20
Episode 231 (5zone): Reward=-107.65, SOC=0.48, Cost=$0.36
Episode 232 (5zone): Reward=-44.28, SOC=0.48, Cost=$0.18
Episode 233 (5zone): Reward=-51.86, SOC=0.48, Cost=$0.20
Episode 234 (5zone): Reward=-107.27, SOC=0.48, Cost=$0.36
Episode 235 (5zone): Reward=-44.61, SOC=0.48, Cost=$0.18
Episode 236 (5zone): Reward=-52.56, SOC=0.48, Cost=$0.20
Episode 237 (5zone): Reward=-107.25, SOC=0.48, Cost=$0.36
Episode 238 (5zone): Reward=-44.10, SOC=0.48, Cost=$0.18
Episode 239 (5zone): Reward=-51.89, SOC=0.48, Cost=$0.20
Episode 240 (5zone): Reward=-107.87, SOC=0.48, Cost=$0.36
Episode 241 (5zone): Reward=-44.39, SOC=0.48, Cost=$0.18
Episode 242 (5zone): Reward=-51.81, SOC=0.48, Cost=$0.20
Episode 243 (5zone): Reward=-107.81, SOC=0.48, Cost=$0.36
Episode 244 (5zone): Reward=-44.71, SOC=0.48, Cost=$0.18
Episode 245 (5zone): Reward=-51.45, SOC=0.48, Cost=$0.20
Episode 246 (5zone): Reward=-107.55, SOC=0.48, Cost=$0.36
Episode 247 (5zone): Reward=-44.48, SOC=0.48, Cost=$0.18
Episode 248 (5zone): Reward=-51.53, SOC=0.48, Cost=$0.20
Episode 249 (5zone): Reward=-108.14, SOC=0.48, Cost=$0.36
Episode 250 (5zone): Reward=-44.13, SOC=0.48, Cost=$0.18
Episode 251 (5zone): Reward=-51.88, SOC=0.48, Cost=$0.20
Episode 252 (5zone): Reward=-107.81, SOC=0.48, Cost=$0.36
Episode 253 (5zone): Reward=-44.60, SOC=0.48, Cost=$0.18
Episode 254 (5zone): Reward=-51.46, SOC=0.48, Cost=$0.20
Episode 255 (5zone): Reward=-107.10, SOC=0.48, Cost=$0.36
Episode 256 (5zone): Reward=-44.25, SOC=0.48, Cost=$0.18
Episode 257 (5zone): Reward=-51.62, SOC=0.48, Cost=$0.20
Episode 258 (5zone): Reward=-107.47, SOC=0.48, Cost=$0.36
Episode 259 (5zone): Reward=-44.52, SOC=0.48, Cost=$0.18
Episode 260 (5zone): Reward=-52.17, SOC=0.48, Cost=$0.20
Episode 261 (5zone): Reward=-107.91, SOC=0.48, Cost=$0.36
Episode 262 (5zone): Reward=-44.73, SOC=0.48, Cost=$0.18
Episode 263 (5zone): Reward=-51.77, SOC=0.48, Cost=$0.20
Episode 264 (5zone): Reward=-107.35, SOC=0.48, Cost=$0.36
Episode 265 (5zone): Reward=-44.09, SOC=0.48, Cost=$0.18
Episode 266 (5zone): Reward=-52.23, SOC=0.48, Cost=$0.20
Episode 267 (5zone): Reward=-107.31, SOC=0.48, Cost=$0.36
Episode 268 (5zone): Reward=-44.34, SOC=0.48, Cost=$0.18
Episode 269 (5zone): Reward=-52.12, SOC=0.48, Cost=$0.20
Episode 270 (5zone): Reward=-107.70, SOC=0.48, Cost=$0.36
Episode 271 (5zone): Reward=-44.56, SOC=0.48, Cost=$0.18
Episode 272 (5zone): Reward=-51.60, SOC=0.48, Cost=$0.20
Episode 273 (5zone): Reward=-107.70, SOC=0.48, Cost=$0.36
Episode 274 (5zone): Reward=-44.50, SOC=0.48, Cost=$0.18
Episode 275 (5zone): Reward=-51.67, SOC=0.48, Cost=$0.20
Episode 276 (5zone): Reward=-107.43, SOC=0.48, Cost=$0.36
Episode 277 (5zone): Reward=-44.06, SOC=0.48, Cost=$0.18
Episode 278 (5zone): Reward=-52.22, SOC=0.48, Cost=$0.20
Episode 279 (5zone): Reward=-108.03, SOC=0.48, Cost=$0.36
Episode 280 (5zone): Reward=-44.70, SOC=0.48, Cost=$0.18
Episode 281 (5zone): Reward=-52.07, SOC=0.48, Cost=$0.20
Episode 282 (5zone): Reward=-107.82, SOC=0.48, Cost=$0.36
Episode 283 (5zone): Reward=-10.91, SOC=0.50, Cost=$0.17
Episode 284 (5zone): Reward=-51.96, SOC=0.48, Cost=$0.20
Episode 285 (5zone): Reward=-107.27, SOC=0.48, Cost=$0.36
Episode 286 (5zone): Reward=-44.60, SOC=0.48, Cost=$0.18
Episode 287 (5zone): Reward=-51.50, SOC=0.48, Cost=$0.20
Episode 288 (5zone): Reward=-106.80, SOC=0.48, Cost=$0.36
Episode 289 (5zone): Reward=-44.24, SOC=0.48, Cost=$0.18
Episode 290 (5zone): Reward=-51.82, SOC=0.48, Cost=$0.20
Episode 291 (5zone): Reward=-107.70, SOC=0.48, Cost=$0.36
Episode 292 (5zone): Reward=-44.68, SOC=0.48, Cost=$0.18
Episode 293 (5zone): Reward=-51.63, SOC=0.48, Cost=$0.20
Episode 294 (5zone): Reward=-107.53, SOC=0.48, Cost=$0.36
Episode 295 (5zone): Reward=-44.61, SOC=0.48, Cost=$0.18
Episode 296 (5zone): Reward=-51.96, SOC=0.48, Cost=$0.20
Episode 297 (5zone): Reward=-107.75, SOC=0.48, Cost=$0.36
Episode 298 (5zone): Reward=-44.52, SOC=0.48, Cost=$0.18
Episode 299 (5zone): Reward=-51.95, SOC=0.48, Cost=$0.20
Episode 300 (5zone): Reward=-107.38, SOC=0.48, Cost=$0.36
Episode 301 (5zone): Reward=-44.52, SOC=0.48, Cost=$0.18
Episode 302 (5zone): Reward=-52.06, SOC=0.48, Cost=$0.20
Episode 303 (5zone): Reward=-107.64, SOC=0.48, Cost=$0.36
Episode 304 (5zone): Reward=-44.28, SOC=0.48, Cost=$0.18
Episode 305 (5zone): Reward=-51.87, SOC=0.48, Cost=$0.20
Episode 306 (5zone): Reward=-107.85, SOC=0.48, Cost=$0.36
Episode 307 (5zone): Reward=-44.24, SOC=0.48, Cost=$0.18
Episode 308 (5zone): Reward=-51.58, SOC=0.48, Cost=$0.20
Episode 309 (5zone): Reward=-107.14, SOC=0.48, Cost=$0.36
Episode 310 (5zone): Reward=-44.36, SOC=0.48, Cost=$0.18
Episode 311 (5zone): Reward=-50.82, SOC=0.48, Cost=$0.19
Episode 312 (5zone): Reward=-107.21, SOC=0.48, Cost=$0.36
Episode 313 (5zone): Reward=-44.54, SOC=0.48, Cost=$0.18
Episode 314 (5zone): Reward=-52.09, SOC=0.48, Cost=$0.20
Episode 315 (5zone): Reward=-107.81, SOC=0.48, Cost=$0.36
Episode 316 (5zone): Reward=-44.14, SOC=0.48, Cost=$0.18
Episode 317 (5zone): Reward=-50.75, SOC=0.48, Cost=$0.19
Episode 318 (5zone): Reward=-106.80, SOC=0.48, Cost=$0.36
Episode 319 (5zone): Reward=-44.78, SOC=0.48, Cost=$0.18
Episode 320 (5zone): Reward=-52.42, SOC=0.48, Cost=$0.20
Episode 321 (5zone): Reward=-74.14, SOC=0.49, Cost=$0.42
Episode 322 (5zone): Reward=-44.28, SOC=0.48, Cost=$0.18
Episode 323 (5zone): Reward=-51.76, SOC=0.48, Cost=$0.20
Episode 324 (5zone): Reward=-107.47, SOC=0.48, Cost=$0.36
Episode 325 (5zone): Reward=-44.61, SOC=0.48, Cost=$0.18
Episode 326 (5zone): Reward=-51.87, SOC=0.48, Cost=$0.20
Episode 327 (5zone): Reward=-107.73, SOC=0.48, Cost=$0.36
Episode 328 (5zone): Reward=-44.17, SOC=0.48, Cost=$0.18
Episode 329 (5zone): Reward=-51.86, SOC=0.48, Cost=$0.20
Episode 330 (5zone): Reward=-107.64, SOC=0.48, Cost=$0.36
Episode 331 (5zone): Reward=-43.92, SOC=0.48, Cost=$0.18
Episode 332 (5zone): Reward=-51.63, SOC=0.48, Cost=$0.20
Episode 333 (5zone): Reward=-107.71, SOC=0.48, Cost=$0.36
Episode 334 (5zone): Reward=-44.48, SOC=0.48, Cost=$0.18
Episode 335 (5zone): Reward=-51.72, SOC=0.48, Cost=$0.20
Episode 336 (5zone): Reward=-108.59, SOC=0.48, Cost=$0.36
Episode 337 (5zone): Reward=-44.47, SOC=0.48, Cost=$0.18
Episode 338 (5zone): Reward=-52.13, SOC=0.48, Cost=$0.20
Episode 339 (5zone): Reward=-107.79, SOC=0.48, Cost=$0.36
Episode 340 (5zone): Reward=-44.55, SOC=0.48, Cost=$0.18
Episode 341 (5zone): Reward=-52.09, SOC=0.48, Cost=$0.20
Episode 342 (5zone): Reward=-107.58, SOC=0.48, Cost=$0.36
Episode 343 (5zone): Reward=-44.54, SOC=0.48, Cost=$0.18
Episode 344 (5zone): Reward=-52.01, SOC=0.48, Cost=$0.20
Episode 345 (5zone): Reward=-107.47, SOC=0.48, Cost=$0.36
Episode 346 (5zone): Reward=-44.53, SOC=0.48, Cost=$0.18
Episode 347 (5zone): Reward=-52.12, SOC=0.48, Cost=$0.20
Episode 348 (5zone): Reward=-88.19, SOC=0.49, Cost=$0.41
Episode 349 (5zone): Reward=-44.31, SOC=0.48, Cost=$0.18
Episode 350 (5zone): Reward=-52.16, SOC=0.48, Cost=$0.20

End: 2026-01-09 23:15:25.116911
